INFO:sanic.root:Goin' Fast @ http://0.0.0.0:8000
INFO:sanic.root:Starting worker [10779]
INFO:sanic.root:Starting worker [10780]
INFO:sanic.root:Starting worker [10781]
INFO:sanic.root:Starting worker [10782]
INFO:sanic:Time Taken 0:00:01.711965
INFO:sanic.access:
INFO:sanic:Time Taken 0:00:01.677199
INFO:sanic.access:
INFO:sanic:Time Taken 0:00:01.593704
INFO:sanic.access:
INFO:sanic:Time Taken 0:00:01.788152
INFO:sanic.access:
INFO:sanic:Time Taken 0:00:01.609215
INFO:sanic.access:
INFO:sanic.root:Received signal SIGINT. Shutting down.
INFO:sanic.root:Stopping worker [10781]
INFO:sanic.root:Stopping worker [10782]
INFO:sanic.root:Stopping worker [10779]
INFO:sanic.root:Stopping worker [10780]
INFO:sanic.root:Server Stopped
